latexml (LaTeXML version 0.8.8) processing template.tex
(Digesting TeX template...
(Loading /usr/share/perl5/LaTeXML/Package/TeX.pool.ltxml...
(Loading /usr/share/perl5/LaTeXML/Package/eTeX.pool.ltxml... 0.00 sec)
(Loading /usr/share/perl5/LaTeXML/Package/pdfTeX.pool.ltxml... 0.01 sec) 0.11 sec)
(Processing content /source/template.tex...
(Processing content Literal String...
(Loading /usr/share/perl5/LaTeXML/Package/LaTeX.pool.ltxml...
(Loading /usr/share/perl5/LaTeXML/Package/textcomp.sty.ltxml...
(Processing definitions /usr/local/texlive/2021/texmf-dist/tex/latex/base/ts1enc.dfu... 0.02 sec) 0.35 sec) 0.53 sec)
(Loading /source/bookml/bookml-init.sty.ltxml... 0.00 sec) 0.54 sec)
(Loading /usr/share/perl5/LaTeXML/Package/amsart.cls.ltxml...
(Loading /usr/share/perl5/LaTeXML/Package/ams_core.cls.ltxml...
(Loading /usr/share/perl5/LaTeXML/Package/article.cls.ltxml... 0.01 sec)
(Loading /usr/share/perl5/LaTeXML/Package/ams_support.sty.ltxml...
(Loading /usr/share/perl5/LaTeXML/Package/amsmath.sty.ltxml...
(Loading /usr/share/perl5/LaTeXML/Package/amsbsy.sty.ltxml...
(Loading /usr/share/perl5/LaTeXML/Package/amsgen.sty.ltxml... 0.00 sec) 0.01 sec)
(Loading /usr/share/perl5/LaTeXML/Package/amstext.sty.ltxml... 0.00 sec)
(Loading /usr/share/perl5/LaTeXML/Package/amsopn.sty.ltxml... 0.01 sec) 0.05 sec)
(Loading /usr/share/perl5/LaTeXML/Package/amsthm.sty.ltxml... 0.01 sec)
(Loading /usr/share/perl5/LaTeXML/Package/amsfonts.sty.ltxml... 0.00 sec)
(Loading /usr/share/perl5/LaTeXML/Package/makeidx.sty.ltxml... 0.00 sec) 0.09 sec) 0.11 sec) 0.11 sec)
(Loading /usr/share/perl5/LaTeXML/Package/fontenc.sty.ltxml...
(Loading /usr/share/perl5/LaTeXML/Package/t1enc.def.ltxml...
(Processing definitions /usr/local/texlive/2021/texmf-dist/tex/latex/base/t1enc.def...
(Processing definitions /usr/local/texlive/2021/texmf-dist/tex/latex/base/t1enc.dfu... 0.05 sec)
(Loading /usr/share/perl5/LaTeXML/Package/t1.fontmap.ltxml... 0.00 sec) 0.10 sec) 0.10 sec) 0.11 sec)
(Loading /usr/share/perl5/LaTeXML/Package/babel.sty.ltxml...
(Processing definitions /usr/local/texlive/2021/texmf-dist/tex/generic/babel/babel.sty...
(Processing definitions /usr/local/texlive/2021/texmf-dist/tex/generic/config/language.def... 0.04 sec)
(Loading /usr/share/perl5/LaTeXML/Package/txtbabel.def.ltxml...
(Processing definitions /usr/local/texlive/2021/texmf-dist/tex/generic/babel/txtbabel.def... 0.00 sec)
(Loading /usr/share/perl5/LaTeXML/Package/babel_support.sty.ltxml... 0.00 sec) 0.01 sec)
(Processing definitions /usr/local/texlive/2021/texmf-dist/tex/generic/babel-english/british.ldf...
Language: british 2017/06/06 v3.3r English support from the babel system
(Processing definitions /usr/local/texlive/2021/texmf-dist/tex/generic/babel-english/english.ldf...
Language: english 2017/06/06 v3.3r English support from the babel system
 0.13 sec) 0.18 sec) 1.29 sec) 1.29 sec)
(Loading /usr/share/perl5/LaTeXML/Package/hyperref.sty.ltxml...
(Loading /usr/share/perl5/LaTeXML/Package/ltxcmds.sty.ltxml...
(Processing definitions /usr/local/texlive/2021/texmf-dist/tex/generic/ltxcmds/ltxcmds.sty... 0.07 sec) 0.07 sec)
(Loading /usr/share/perl5/LaTeXML/Package/keyval.sty.ltxml...
(Processing definitions /usr/local/texlive/2021/texmf-dist/tex/latex/graphics/keyval.sty... 0.01 sec) 0.01 sec)
(Loading /usr/share/perl5/LaTeXML/Package/kvsetkeys.sty.ltxml...
(Processing definitions /usr/local/texlive/2021/texmf-dist/tex/generic/kvsetkeys/kvsetkeys.sty... 0.05 sec) 0.05 sec)
(Loading /usr/share/perl5/LaTeXML/Package/kvdefinekeys.sty.ltxml...
(Processing definitions /usr/local/texlive/2021/texmf-dist/tex/generic/kvdefinekeys/kvdefinekeys.sty... 0.02 sec) 0.02 sec)
(Loading /usr/share/perl5/LaTeXML/Package/kvoptions.sty.ltxml...
(Processing definitions /usr/local/texlive/2021/texmf-dist/tex/latex/kvoptions/kvoptions.sty... 0.10 sec) 0.10 sec)
(Loading /usr/share/perl5/LaTeXML/Package/nameref.sty.ltxml...
(Loading /usr/share/perl5/LaTeXML/Package/refcount.sty.ltxml...
(Processing definitions /usr/local/texlive/2021/texmf-dist/tex/latex/refcount/refcount.sty...
(Loading /usr/share/perl5/LaTeXML/Package/infwarerr.sty.ltxml...
(Processing definitions /usr/local/texlive/2021/texmf-dist/tex/generic/infwarerr/infwarerr.sty... 0.04 sec) 0.04 sec) 0.09 sec) 0.09 sec)
(Loading /usr/share/perl5/LaTeXML/Package/gettitlestring.sty.ltxml...
(Processing definitions /usr/local/texlive/2021/texmf-dist/tex/generic/gettitlestring/gettitlestring.sty... 0.16 sec) 0.16 sec) 0.26 sec)
(Loading /usr/share/perl5/LaTeXML/Package/url.sty.ltxml... 0.00 sec)
(Loading /usr/share/perl5/LaTeXML/Package/bitset.sty.ltxml...
(Processing definitions /usr/local/texlive/2021/texmf-dist/tex/generic/bitset/bitset.sty...
(Loading /usr/share/perl5/LaTeXML/Package/intcalc.sty.ltxml...
(Processing definitions /usr/local/texlive/2021/texmf-dist/tex/generic/intcalc/intcalc.sty... 0.04 sec) 0.04 sec)
(Loading /usr/share/perl5/LaTeXML/Package/bigintcalc.sty.ltxml...
(Processing definitions /usr/local/texlive/2021/texmf-dist/tex/generic/bigintcalc/bigintcalc.sty...
(Loading /usr/share/perl5/LaTeXML/Package/pdftexcmds.sty.ltxml...
(Loading /usr/share/perl5/LaTeXML/Package/iftex.sty.ltxml... 0.00 sec) 0.01 sec) 0.13 sec) 0.13 sec) 0.32 sec) 0.32 sec) 0.90 sec)
(Loading /usr/share/perl5/LaTeXML/Package/lmodern.sty.ltxml... 0.00 sec)
(Loading /source/bookml/bookml.sty.ltxml...
Info:found:pdf bundling 'template.pdf' in the output
	at bookml.sty.ltxml; line 108
(Loading /usr/share/perl5/LaTeXML/Package/latexml.sty.ltxml... 0.01 sec) 0.02 sec)
(Loading /usr/share/perl5/LaTeXML/Package/graphicx.sty.ltxml...
(Loading /usr/share/perl5/LaTeXML/Package/graphics.sty.ltxml... 0.01 sec) 0.02 sec) 3.23 sec) 3.34 sec)
(Building...
(Loading RelaxNG bookml/schema...
(Loading RelaxNG schema from bookml/schema.rng... 0.07 sec) 0.15 sec)
(BookML colors... 0.00 sec) 0.31 sec)
(Rewriting... 0.00 sec)
(Finalizing... 0.01 sec)
Conversion complete: No obvious problems (reqd. 3.76s)
